Using pre-set license
Built from '2022.3/respin/2022.3.62f2-4af31df585-v2' branch; Version is '2022.3.62f2 (7670c08855a9) revision 7762112'; Using compiler version '192829333'; Build Type 'Release'
OS: 'Windows 11  (10.0.26100) 64bit Professional' Language: 'ru' Physical Memory: 15636 MB
BatchMode: 1, IsHumanControllingUs: 0, StartBugReporterOnCrash: 0, Is64bit: 1, IsPro: 1

COMMAND LINE ARGUMENTS:
D:\Unity\2022.3.62f2\Editor\Unity.exe
-adb2
-batchMode
-noUpm
-name
AssetImportWorker1
-projectPath
D:/Unity Projects/ChopMan/ChopMan
-logFile
Logs/AssetImportWorker1.log
-srvPort
57078
Successfully changed project path to: D:/Unity Projects/ChopMan/ChopMan
D:/Unity Projects/ChopMan/ChopMan
[UnityMemory] Configuration Parameters - Can be set up in boot.config
    "memorysetup-bucket-allocator-granularity=16"
    "memorysetup-bucket-allocator-bucket-count=8"
    "memorysetup-bucket-allocator-block-size=33554432"
    "memorysetup-bucket-allocator-block-count=8"
    "memorysetup-main-allocator-block-size=16777216"
    "memorysetup-thread-allocator-block-size=16777216"
    "memorysetup-gfx-main-allocator-block-size=16777216"
    "memorysetup-gfx-thread-allocator-block-size=16777216"
    "memorysetup-cache-allocator-block-size=4194304"
    "memorysetup-typetree-allocator-block-size=2097152"
    "memorysetup-profiler-bucket-allocator-granularity=16"
    "memorysetup-profiler-bucket-allocator-bucket-count=8"
    "memorysetup-profiler-bucket-allocator-block-size=33554432"
    "memorysetup-profiler-bucket-allocator-block-count=8"
    "memorysetup-profiler-allocator-block-size=16777216"
    "memorysetup-profiler-editor-allocator-block-size=1048576"
    "memorysetup-temp-allocator-size-main=16777216"
    "memorysetup-job-temp-allocator-block-size=2097152"
    "memorysetup-job-temp-allocator-block-size-background=1048576"
    "memorysetup-job-temp-allocator-reduction-small-platforms=262144"
    "memorysetup-allocator-temp-initial-block-size-main=262144"
    "memorysetup-allocator-temp-initial-block-size-worker=262144"
    "memorysetup-temp-allocator-size-background-worker=32768"
    "memorysetup-temp-allocator-size-job-worker=262144"
    "memorysetup-temp-allocator-size-preload-manager=33554432"
    "memorysetup-temp-allocator-size-nav-mesh-worker=65536"
    "memorysetup-temp-allocator-size-audio-worker=65536"
    "memorysetup-temp-allocator-size-cloud-worker=32768"
    "memorysetup-temp-allocator-size-gi-baking-worker=262144"
    "memorysetup-temp-allocator-size-gfx=262144"
Player connection [19764]  Target information:

Player connection [19764]  * "[IP] 192.168.1.26 [Port] 0 [Flags] 2 [Guid] 830631566 [EditorId] 830631566 [Version] 1048832 [Id] WindowsEditor(7,DESKTOP-C8SQMSD) [Debug] 1 [PackageName] WindowsEditor [ProjectName] Editor" 

Player connection [19764] Host joined multi-casting on [225.0.0.222:54997]...
Player connection [19764] Host joined alternative multi-casting on [225.0.0.222:34997]...
Input System module state changed to: Initialized.
[PhysX] Initialized MultithreadedTaskDispatcher with 12 workers.
Refreshing native plugins compatible for Editor in 13.12 ms, found 2 plugins.
Preloading 0 native plugins for Editor in 0.00 ms.
Initialize engine version: 2022.3.62f2 (7670c08855a9)
[Subsystems] Discovering subsystems at path D:/Unity/2022.3.62f2/Editor/Data/Resources/UnitySubsystems
[Subsystems] Discovering subsystems at path D:/Unity Projects/ChopMan/ChopMan/Assets
GfxDevice: creating device client; threaded=0; jobified=0
Direct3D:
    Version:  Direct3D 11.0 [level 11.1]
    Renderer: NVIDIA GeForce RTX 4050 Laptop GPU (ID=0x28e1)
    Vendor:   NVIDIA
    VRAM:     5921 MB
    Driver:   32.0.15.7700
Initialize mono
Mono path[0] = 'D:/Unity/2022.3.62f2/Editor/Data/Managed'
Mono path[1] = 'D:/Unity/2022.3.62f2/Editor/Data/MonoBleedingEdge/lib/mono/unityjit-win32'
Mono config path = 'D:/Unity/2022.3.62f2/Editor/Data/MonoBleedingEdge/etc'
Using monoOptions --debugger-agent=transport=dt_socket,embedding=1,server=y,suspend=n,address=127.0.0.1:56196
Begin MonoManager ReloadAssembly
Registering precompiled unity dll's ...
Register platform support module: D:/Unity/2022.3.62f2/Editor/Data/PlaybackEngines/WebGLSupport/UnityEditor.WebGL.Extensions.dll
Register platform support module: D:/Unity/2022.3.62f2/Editor/Data/PlaybackEngines/WindowsStandaloneSupport/UnityEditor.WindowsStandalone.Extensions.dll
Registered in 0.005364 seconds.
- Loaded All Assemblies, in  0.508 seconds
Native extension for WindowsStandalone target not found
Native extension for WebGL target not found
Mono: successfully reloaded assembly
- Finished resetting the current domain, in  0.366 seconds
Domain Reload Profiling: 874ms
	BeginReloadAssembly (191ms)
		ExecutionOrderSort (0ms)
		DisableScriptedObjects (0ms)
		BackupInstance (0ms)
		ReleaseScriptingObjects (0ms)
		CreateAndSetChildDomain (1ms)
	RebuildCommonClasses (45ms)
	RebuildNativeTypeToScriptingClass (14ms)
	initialDomainReloadingComplete (67ms)
	LoadAllAssembliesAndSetupDomain (191ms)
		LoadAssemblies (190ms)
		RebuildTransferFunctionScriptingTraits (0ms)
		AnalyzeDomain (188ms)
			TypeCache.Refresh (186ms)
				TypeCache.ScanAssembly (171ms)
			ScanForSourceGeneratedMonoScriptInfo (0ms)
			ResolveRequiredComponents (1ms)
	FinalizeReload (366ms)
		ReleaseScriptCaches (0ms)
		RebuildScriptCaches (0ms)
		SetupLoadedEditorAssemblies (302ms)
			LogAssemblyErrors (0ms)
			InitializePlatformSupportModulesInManaged (13ms)
			SetLoadedEditorAssemblies (9ms)
			RefreshPlugins (0ms)
			BeforeProcessingInitializeOnLoad (3ms)
			ProcessInitializeOnLoadAttributes (207ms)
			ProcessInitializeOnLoadMethodAttributes (70ms)
			AfterProcessingInitializeOnLoad (0ms)
			EditorAssembliesLoaded (0ms)
		ExecutionOrderSort2 (0ms)
		AwakeInstancesAfterBackupRestoration (0ms)
========================================================================
Worker process is ready to serve import requests
Caller must complete domain reload
Begin MonoManager ReloadAssembly
Symbol file LoadedFromMemory is not a mono symbol file
- Loaded All Assemblies, in  0.734 seconds
Native extension for WindowsStandalone target not found
Native extension for WebGL target not found
Mono: successfully reloaded assembly
- Finished resetting the current domain, in  0.841 seconds
Domain Reload Profiling: 1574ms
	BeginReloadAssembly (203ms)
		ExecutionOrderSort (0ms)
		DisableScriptedObjects (7ms)
		BackupInstance (0ms)
		ReleaseScriptingObjects (0ms)
		CreateAndSetChildDomain (35ms)
	RebuildCommonClasses (45ms)
	RebuildNativeTypeToScriptingClass (15ms)
	initialDomainReloadingComplete (52ms)
	LoadAllAssembliesAndSetupDomain (418ms)
		LoadAssemblies (415ms)
		RebuildTransferFunctionScriptingTraits (0ms)
		AnalyzeDomain (120ms)
			TypeCache.Refresh (99ms)
				TypeCache.ScanAssembly (79ms)
			ScanForSourceGeneratedMonoScriptInfo (16ms)
			ResolveRequiredComponents (4ms)
	FinalizeReload (841ms)
		ReleaseScriptCaches (0ms)
		RebuildScriptCaches (0ms)
		SetupLoadedEditorAssemblies (669ms)
			LogAssemblyErrors (0ms)
			InitializePlatformSupportModulesInManaged (9ms)
			SetLoadedEditorAssemblies (4ms)
			RefreshPlugins (0ms)
			BeforeProcessingInitializeOnLoad (64ms)
			ProcessInitializeOnLoadAttributes (398ms)
			ProcessInitializeOnLoadMethodAttributes (189ms)
			AfterProcessingInitializeOnLoad (3ms)
			EditorAssembliesLoaded (1ms)
		ExecutionOrderSort2 (0ms)
		AwakeInstancesAfterBackupRestoration (9ms)
Launched and connected shader compiler UnityShaderCompiler.exe after 0.08 seconds
Refreshing native plugins compatible for Editor in 11.63 ms, found 2 plugins.
Preloading 0 native plugins for Editor in 0.00 ms.
Unloading 1603 Unused Serialized files (Serialized files now loaded: 0)
Unloading 11 unused Assets / (52.0 KB). Loaded Objects now: 2075.
Memory consumption went from 85.9 MB to 85.8 MB.
Total: 14.432300 ms (FindLiveObjects: 0.318200 ms CreateObjectMapping: 0.079500 ms MarkObjects: 13.882000 ms  DeleteObjects: 0.150700 ms)

AssetImportParameters requested are different than current active one (requested -> active):
  custom:video-decoder-webm-vp8: 9c59270c3fd7afecdb556c50c9e8de78 -> 
  custom:SearchIndexIgnoredProperties: e643bd26f0fe6173181afceb89e7c659 -> 
  custom:container-demuxer-ogg: 62fdf1f143b41e24485cea50d1cbac27 -> 
  custom:AudioImporter_EditorPlatform: d09bf68614088b80899f8185d706f6e7 -> 
  custom:video-codec-MediaFoundation-h265: 746d11721c4dcdbdad8f713fa42b33f4 -> 
  custom:video-decoder-ogg-theora: a1e56fd34408186e4bbccfd4996cb3dc -> 
  custom:framework-win-MediaFoundation: 216162199b28c13a410421893ffa2e32 -> 
  custom:video-encoder-webm-vp8: eb34c28f22e8b96e1ab97ce403110664 -> 
  custom:audio-decoder-ogg-vorbis: bf7c407c2cedff20999df2af8eb42d56 -> 
  custom:CustomObjectIndexerAttribute: 9a22284fe3817be447336de3de66b15e -> 
  custom:container-demuxer-webm: 4f35f7cbe854078d1ac9338744f61a02 -> 
  custom:audio-encoder-webm-vorbis: bf7c407c2cedff20999df2af8eb42d56 -> 
  custom:container-muxer-webm: aa71ff27fc2769a1b78a27578f13a17b -> 
========================================================================
Received Import Request.
  Time since last request: 430370.018988 seconds.
  path: Assets/_ChompMan-PM/Prefabs/Props
  artifactKey: Guid(ee0778a11efc2d54892bc1fd9e497230) Importer(815301076,1909f56bfc062723c751e8b465ee728b)
Start importing Assets/_ChompMan-PM/Prefabs/Props using Guid(ee0778a11efc2d54892bc1fd9e497230) Importer(815301076,1909f56bfc062723c751e8b465ee728b) [PhysX] Initialized MultithreadedTaskDispatcher with 12 workers.
 -> (artifact id: '4b328ba13e14502af488ca9c9fbcb876') in 0.005403 seconds
Number of updated asset objects reloaded before import = 0
Number of asset objects unloaded after import = 0
========================================================================
Received Import Request.
  Time since last request: 0.000218 seconds.
  path: Assets/_ChompMan-PM/Prefabs/Props/Cherry Variant.prefab
  artifactKey: Guid(8dadb4a5d9de8a941b6bb68d601ad73f) Importer(815301076,1909f56bfc062723c751e8b465ee728b)
Start importing Assets/_ChompMan-PM/Prefabs/Props/Cherry Variant.prefab using Guid(8dadb4a5d9de8a941b6bb68d601ad73f) Importer(815301076,1909f56bfc062723c751e8b465ee728b) [PhysX] Initialized MultithreadedTaskDispatcher with 12 workers.
[PhysX] Initialized MultithreadedTaskDispatcher with 12 workers.
 -> (artifact id: 'ba7802bd7333d1a22a92668597dfa4c2') in 0.205241 seconds
Number of updated asset objects reloaded before import = 0
Number of asset objects unloaded after import = 19
========================================================================
Received Import Request.
  Time since last request: 2.218968 seconds.
  path: Assets/_ChompMan-PM/Prefabs/Enviornment/Maze_01_Gray.prefab
  artifactKey: Guid(2b5eb7ab0572116459a30704287fecea) Importer(815301076,1909f56bfc062723c751e8b465ee728b)
Start importing Assets/_ChompMan-PM/Prefabs/Enviornment/Maze_01_Gray.prefab using Guid(2b5eb7ab0572116459a30704287fecea) Importer(815301076,1909f56bfc062723c751e8b465ee728b) [PhysX] Initialized MultithreadedTaskDispatcher with 12 workers.
[PhysX] Initialized MultithreadedTaskDispatcher with 12 workers.
 -> (artifact id: '32d8408b2997420f24c28da810350eb6') in 0.108662 seconds
Number of updated asset objects reloaded before import = 0
Number of asset objects unloaded after import = 379
========================================================================
Received Import Request.
  Time since last request: 0.000192 seconds.
  path: Assets/_ChompMan-PM/Prefabs/Enviornment/Maze_01_YellowRed.prefab
  artifactKey: Guid(a35802cbcbc46ae4680604cf034aabe2) Importer(815301076,1909f56bfc062723c751e8b465ee728b)
Start importing Assets/_ChompMan-PM/Prefabs/Enviornment/Maze_01_YellowRed.prefab using Guid(a35802cbcbc46ae4680604cf034aabe2) Importer(815301076,1909f56bfc062723c751e8b465ee728b) [PhysX] Initialized MultithreadedTaskDispatcher with 12 workers.
[PhysX] Initialized MultithreadedTaskDispatcher with 12 workers.
 -> (artifact id: '7ecb7a44d1ae4c1ed959949b18f2b212') in 0.119815 seconds
Number of updated asset objects reloaded before import = 0
Number of asset objects unloaded after import = 380
========================================================================
Received Import Request.
  Time since last request: 0.000126 seconds.
  path: Assets/_ChompMan-PM/Prefabs/Enviornment/Maze_01_OrageRed.prefab
  artifactKey: Guid(7bb5d66d5f0caa94dbf73c83f062ec5f) Importer(815301076,1909f56bfc062723c751e8b465ee728b)
Start importing Assets/_ChompMan-PM/Prefabs/Enviornment/Maze_01_OrageRed.prefab using Guid(7bb5d66d5f0caa94dbf73c83f062ec5f) Importer(815301076,1909f56bfc062723c751e8b465ee728b) [PhysX] Initialized MultithreadedTaskDispatcher with 12 workers.
[PhysX] Initialized MultithreadedTaskDispatcher with 12 workers.
 -> (artifact id: 'a580a7c721ebab4a212b41b6294ec6b6') in 0.090779 seconds
Number of updated asset objects reloaded before import = 0
Number of asset objects unloaded after import = 380
========================================================================
Received Import Request.
  Time since last request: 13.243068 seconds.
  path: Assets/_ChompMan-PM/Prefabs/Enviornment/Maze_ModularMesh/Stage_ModularMesh_03.prefab
  artifactKey: Guid(940bd3107d0eca140be67658614cca79) Importer(815301076,1909f56bfc062723c751e8b465ee728b)
Start importing Assets/_ChompMan-PM/Prefabs/Enviornment/Maze_ModularMesh/Stage_ModularMesh_03.prefab using Guid(940bd3107d0eca140be67658614cca79) Importer(815301076,1909f56bfc062723c751e8b465ee728b) [PhysX] Initialized MultithreadedTaskDispatcher with 12 workers.
[PhysX] Initialized MultithreadedTaskDispatcher with 12 workers.
 -> (artifact id: 'ce9f990212812cc60350c0db6ac040b7') in 0.092685 seconds
Number of updated asset objects reloaded before import = 0
Number of asset objects unloaded after import = 14
========================================================================
Received Import Request.
  Time since last request: 0.000032 seconds.
  path: Assets/_ChompMan-PM/Prefabs/Enviornment/Maze_ModularMesh/Stage_ModularMesh_08.prefab
  artifactKey: Guid(764e44cfa16f35d49b6a3c3af7852fed) Importer(815301076,1909f56bfc062723c751e8b465ee728b)
Start importing Assets/_ChompMan-PM/Prefabs/Enviornment/Maze_ModularMesh/Stage_ModularMesh_08.prefab using Guid(764e44cfa16f35d49b6a3c3af7852fed) Importer(815301076,1909f56bfc062723c751e8b465ee728b) [PhysX] Initialized MultithreadedTaskDispatcher with 12 workers.
[PhysX] Initialized MultithreadedTaskDispatcher with 12 workers.
 -> (artifact id: 'df9cbe4a7f6072a7b84a8393196a24a0') in 0.102105 seconds
Number of updated asset objects reloaded before import = 0
Number of asset objects unloaded after import = 14
========================================================================
Received Import Request.
  Time since last request: 0.000035 seconds.
  path: Assets/_ChompMan-PM/Prefabs/Enviornment/Maze_ModularMesh/Stage_ModularMesh_14.prefab
  artifactKey: Guid(06ae5bab5325f07419387af863bb3599) Importer(815301076,1909f56bfc062723c751e8b465ee728b)
Start importing Assets/_ChompMan-PM/Prefabs/Enviornment/Maze_ModularMesh/Stage_ModularMesh_14.prefab using Guid(06ae5bab5325f07419387af863bb3599) Importer(815301076,1909f56bfc062723c751e8b465ee728b) [PhysX] Initialized MultithreadedTaskDispatcher with 12 workers.
[PhysX] Initialized MultithreadedTaskDispatcher with 12 workers.
 -> (artifact id: 'c440ec8ea628bf8f3f3290969da71374') in 0.099485 seconds
Number of updated asset objects reloaded before import = 0
Number of asset objects unloaded after import = 14
========================================================================
Received Import Request.
  Time since last request: 0.000094 seconds.
  path: Assets/_ChompMan-PM/Prefabs/Enviornment/Maze_ModularMesh/Stage_ModularMesh_06.prefab
  artifactKey: Guid(71d9237a5c4b29046ae8f163900f6706) Importer(815301076,1909f56bfc062723c751e8b465ee728b)
Start importing Assets/_ChompMan-PM/Prefabs/Enviornment/Maze_ModularMesh/Stage_ModularMesh_06.prefab using Guid(71d9237a5c4b29046ae8f163900f6706) Importer(815301076,1909f56bfc062723c751e8b465ee728b) [PhysX] Initialized MultithreadedTaskDispatcher with 12 workers.
[PhysX] Initialized MultithreadedTaskDispatcher with 12 workers.
 -> (artifact id: '59b08fd7376063a400061e385f967224') in 0.066912 seconds
Number of updated asset objects reloaded before import = 0
Number of asset objects unloaded after import = 14
========================================================================
Received Import Request.
  Time since last request: 0.000049 seconds.
  path: Assets/_ChompMan-PM/Prefabs/Enviornment/Maze_ModularMesh/Stage_ModularMesh_24.prefab
  artifactKey: Guid(5d0f1a6faab18334dae24ed822841da4) Importer(815301076,1909f56bfc062723c751e8b465ee728b)
Start importing Assets/_ChompMan-PM/Prefabs/Enviornment/Maze_ModularMesh/Stage_ModularMesh_24.prefab using Guid(5d0f1a6faab18334dae24ed822841da4) Importer(815301076,1909f56bfc062723c751e8b465ee728b) [PhysX] Initialized MultithreadedTaskDispatcher with 12 workers.
[PhysX] Initialized MultithreadedTaskDispatcher with 12 workers.
 -> (artifact id: '0f39f83d38a52a98869d859f90c048c8') in 0.062900 seconds
Number of updated asset objects reloaded before import = 0
Number of asset objects unloaded after import = 14
========================================================================
Received Import Request.
  Time since last request: 0.000070 seconds.
  path: Assets/_ChompMan-PM/Prefabs/Enviornment/Maze_ModularMesh/Stage_ModularMesh_17.prefab
  artifactKey: Guid(2cfb9c91ce79b3b4ba7f5489c8fc875f) Importer(815301076,1909f56bfc062723c751e8b465ee728b)
Start importing Assets/_ChompMan-PM/Prefabs/Enviornment/Maze_ModularMesh/Stage_ModularMesh_17.prefab using Guid(2cfb9c91ce79b3b4ba7f5489c8fc875f) Importer(815301076,1909f56bfc062723c751e8b465ee728b) [PhysX] Initialized MultithreadedTaskDispatcher with 12 workers.
[PhysX] Initialized MultithreadedTaskDispatcher with 12 workers.
 -> (artifact id: '2144c28f368ab47811404fc387429290') in 0.061055 seconds
Number of updated asset objects reloaded before import = 0
Number of asset objects unloaded after import = 14
========================================================================
Received Import Request.
  Time since last request: 0.000097 seconds.
  path: Assets/_ChompMan-PM/Prefabs/Enviornment/Maze_ModularMesh/Stage_ModularMesh_19.prefab
  artifactKey: Guid(ad528950a6fb36d4ba50434776abe65e) Importer(815301076,1909f56bfc062723c751e8b465ee728b)
Start importing Assets/_ChompMan-PM/Prefabs/Enviornment/Maze_ModularMesh/Stage_ModularMesh_19.prefab using Guid(ad528950a6fb36d4ba50434776abe65e) Importer(815301076,1909f56bfc062723c751e8b465ee728b) [PhysX] Initialized MultithreadedTaskDispatcher with 12 workers.
[PhysX] Initialized MultithreadedTaskDispatcher with 12 workers.
 -> (artifact id: 'e9506573f2339833fafa301ecff82745') in 0.063043 seconds
Number of updated asset objects reloaded before import = 0
Number of asset objects unloaded after import = 14
========================================================================
Received Import Request.
  Time since last request: 0.000051 seconds.
  path: Assets/_ChompMan-PM/Prefabs/Enviornment/Maze_ModularMesh/Stage_ModularMesh_27.prefab
  artifactKey: Guid(1d31c434adc7d9e45a1ecc3691a67c12) Importer(815301076,1909f56bfc062723c751e8b465ee728b)
Start importing Assets/_ChompMan-PM/Prefabs/Enviornment/Maze_ModularMesh/Stage_ModularMesh_27.prefab using Guid(1d31c434adc7d9e45a1ecc3691a67c12) Importer(815301076,1909f56bfc062723c751e8b465ee728b) [PhysX] Initialized MultithreadedTaskDispatcher with 12 workers.
[PhysX] Initialized MultithreadedTaskDispatcher with 12 workers.
 -> (artifact id: 'f3db7c839bdd520341bb3634590f32af') in 0.062755 seconds
Number of updated asset objects reloaded before import = 0
Number of asset objects unloaded after import = 14
========================================================================
Received Import Request.
  Time since last request: 0.000062 seconds.
  path: Assets/_ChompMan-PM/Prefabs/Enviornment/Maze_ModularMesh/Stage_ModularMesh_16.prefab
  artifactKey: Guid(195d684c24e31f2479fb55a3db67f1a2) Importer(815301076,1909f56bfc062723c751e8b465ee728b)
Start importing Assets/_ChompMan-PM/Prefabs/Enviornment/Maze_ModularMesh/Stage_ModularMesh_16.prefab using Guid(195d684c24e31f2479fb55a3db67f1a2) Importer(815301076,1909f56bfc062723c751e8b465ee728b) [PhysX] Initialized MultithreadedTaskDispatcher with 12 workers.
[PhysX] Initialized MultithreadedTaskDispatcher with 12 workers.
 -> (artifact id: '710f6fef996ce5245184e24938a717d8') in 0.063315 seconds
Number of updated asset objects reloaded before import = 0
Number of asset objects unloaded after import = 14
========================================================================
Received Import Request.
  Time since last request: 0.000073 seconds.
  path: Assets/_ChompMan-PM/Prefabs/Enviornment/Maze_ModularMesh/Stage_ModularMesh_26.prefab
  artifactKey: Guid(ccb14a8b846fc7941b85f446b0c9a807) Importer(815301076,1909f56bfc062723c751e8b465ee728b)
Start importing Assets/_ChompMan-PM/Prefabs/Enviornment/Maze_ModularMesh/Stage_ModularMesh_26.prefab using Guid(ccb14a8b846fc7941b85f446b0c9a807) Importer(815301076,1909f56bfc062723c751e8b465ee728b) [PhysX] Initialized MultithreadedTaskDispatcher with 12 workers.
[PhysX] Initialized MultithreadedTaskDispatcher with 12 workers.
 -> (artifact id: '5820935a5283a6b794b3b70cfd887c56') in 0.050698 seconds
Number of updated asset objects reloaded before import = 0
Number of asset objects unloaded after import = 14
========================================================================
Received Import Request.
  Time since last request: 3.947298 seconds.
  path: Assets/_ChompMan-PM/Prefabs/Enviornment/Maze_Geo/Stage_Mesh_02.prefab
  artifactKey: Guid(807a583b1382b7543ad9555f56ddc2af) Importer(815301076,1909f56bfc062723c751e8b465ee728b)
Start importing Assets/_ChompMan-PM/Prefabs/Enviornment/Maze_Geo/Stage_Mesh_02.prefab using Guid(807a583b1382b7543ad9555f56ddc2af) Importer(815301076,1909f56bfc062723c751e8b465ee728b) [PhysX] Initialized MultithreadedTaskDispatcher with 12 workers.
[PhysX] Initialized MultithreadedTaskDispatcher with 12 workers.
 -> (artifact id: 'a6aaacf9d8ebb4d8a587c6ebebc69e06') in 0.112146 seconds
Number of updated asset objects reloaded before import = 0
Number of asset objects unloaded after import = 14
========================================================================
Received Import Request.
  Time since last request: 0.000126 seconds.
  path: Assets/_ChompMan-PM/Prefabs/Enviornment/Maze_Geo/Stage_Mesh_05.prefab
  artifactKey: Guid(5246c140e92fd544a921c04bb8d9f124) Importer(815301076,1909f56bfc062723c751e8b465ee728b)
Start importing Assets/_ChompMan-PM/Prefabs/Enviornment/Maze_Geo/Stage_Mesh_05.prefab using Guid(5246c140e92fd544a921c04bb8d9f124) Importer(815301076,1909f56bfc062723c751e8b465ee728b) [PhysX] Initialized MultithreadedTaskDispatcher with 12 workers.
[PhysX] Initialized MultithreadedTaskDispatcher with 12 workers.
 -> (artifact id: 'f4ee98c4c07616818bc2b9223e5002c1') in 0.102384 seconds
Number of updated asset objects reloaded before import = 0
Number of asset objects unloaded after import = 14
========================================================================
Received Import Request.
  Time since last request: 0.000131 seconds.
  path: Assets/_ChompMan-PM/Prefabs/Enviornment/Maze_Geo/Stage_Mesh_03.prefab
  artifactKey: Guid(8a5cdb9359a01f04b8bcc756788fc964) Importer(815301076,1909f56bfc062723c751e8b465ee728b)
Start importing Assets/_ChompMan-PM/Prefabs/Enviornment/Maze_Geo/Stage_Mesh_03.prefab using Guid(8a5cdb9359a01f04b8bcc756788fc964) Importer(815301076,1909f56bfc062723c751e8b465ee728b) [PhysX] Initialized MultithreadedTaskDispatcher with 12 workers.
[PhysX] Initialized MultithreadedTaskDispatcher with 12 workers.
 -> (artifact id: '3665ad18c535c4ffd286925e4de90964') in 0.079365 seconds
Number of updated asset objects reloaded before import = 0
Number of asset objects unloaded after import = 14
========================================================================
Received Import Request.
  Time since last request: 0.000034 seconds.
  path: Assets/_ChompMan-PM/Prefabs/Enviornment/Maze_Geo/Stage_Mesh_010.prefab
  artifactKey: Guid(f45596f90fc288441b76e92ce100914f) Importer(815301076,1909f56bfc062723c751e8b465ee728b)
Start importing Assets/_ChompMan-PM/Prefabs/Enviornment/Maze_Geo/Stage_Mesh_010.prefab using Guid(f45596f90fc288441b76e92ce100914f) Importer(815301076,1909f56bfc062723c751e8b465ee728b) [PhysX] Initialized MultithreadedTaskDispatcher with 12 workers.
[PhysX] Initialized MultithreadedTaskDispatcher with 12 workers.
 -> (artifact id: '055699b48aa49bfb0dd8fc1b70ba187e') in 0.079866 seconds
Number of updated asset objects reloaded before import = 0
Number of asset objects unloaded after import = 14
========================================================================
Received Import Request.
  Time since last request: 0.000074 seconds.
  path: Assets/_ChompMan-PM/Prefabs/Enviornment/Maze_Geo/Stage_Mesh_04.prefab
  artifactKey: Guid(4afada16b72bc7d448e6944a40eed4e2) Importer(815301076,1909f56bfc062723c751e8b465ee728b)
Start importing Assets/_ChompMan-PM/Prefabs/Enviornment/Maze_Geo/Stage_Mesh_04.prefab using Guid(4afada16b72bc7d448e6944a40eed4e2) Importer(815301076,1909f56bfc062723c751e8b465ee728b) [PhysX] Initialized MultithreadedTaskDispatcher with 12 workers.
[PhysX] Initialized MultithreadedTaskDispatcher with 12 workers.
 -> (artifact id: '68c7f9a95eee14b0066af75aabb6f176') in 0.063202 seconds
Number of updated asset objects reloaded before import = 0
Number of asset objects unloaded after import = 14
========================================================================
Received Import Request.
  Time since last request: 0.000045 seconds.
  path: Assets/_ChompMan-PM/Prefabs/Enviornment/Maze_Geo/StageBorder_Mesh_010.prefab
  artifactKey: Guid(61e89c061fb90074e9a0e179a5083a64) Importer(815301076,1909f56bfc062723c751e8b465ee728b)
Start importing Assets/_ChompMan-PM/Prefabs/Enviornment/Maze_Geo/StageBorder_Mesh_010.prefab using Guid(61e89c061fb90074e9a0e179a5083a64) Importer(815301076,1909f56bfc062723c751e8b465ee728b) [PhysX] Initialized MultithreadedTaskDispatcher with 12 workers.
[PhysX] Initialized MultithreadedTaskDispatcher with 12 workers.
 -> (artifact id: 'a34616a413bb643acf5c1c06a464ec72') in 0.059666 seconds
Number of updated asset objects reloaded before import = 0
Number of asset objects unloaded after import = 14
========================================================================
Received Import Request.
  Time since last request: 0.000079 seconds.
  path: Assets/_ChompMan-PM/Prefabs/Enviornment/Maze_Geo/StageBorder_Mesh_05.prefab
  artifactKey: Guid(bf3f900ac4cd063488e9f2e350f09a92) Importer(815301076,1909f56bfc062723c751e8b465ee728b)
Start importing Assets/_ChompMan-PM/Prefabs/Enviornment/Maze_Geo/StageBorder_Mesh_05.prefab using Guid(bf3f900ac4cd063488e9f2e350f09a92) Importer(815301076,1909f56bfc062723c751e8b465ee728b) [PhysX] Initialized MultithreadedTaskDispatcher with 12 workers.
[PhysX] Initialized MultithreadedTaskDispatcher with 12 workers.
 -> (artifact id: '61f2fa97d258b1aa685eef060723dee5') in 0.055217 seconds
Number of updated asset objects reloaded before import = 0
Number of asset objects unloaded after import = 14
========================================================================
Received Import Request.
  Time since last request: 25.831095 seconds.
  path: Assets/_ChompMan-PM/Audio/audioblocks-boss-fight_HNruquncL.wav
  artifactKey: Guid(2d233e167baa8ac4b818ddc811b0d842) Importer(815301076,1909f56bfc062723c751e8b465ee728b)
Start importing Assets/_ChompMan-PM/Audio/audioblocks-boss-fight_HNruquncL.wav using Guid(2d233e167baa8ac4b818ddc811b0d842) Importer(815301076,1909f56bfc062723c751e8b465ee728b) [PhysX] Initialized MultithreadedTaskDispatcher with 12 workers.
[PhysX] Initialized MultithreadedTaskDispatcher with 12 workers.
 -> (artifact id: '7e99417d4cd7c55b0159f186797f0f6c') in 0.596681 seconds
Number of updated asset objects reloaded before import = 0
Number of asset objects unloaded after import = 2
========================================================================
Received Import Request.
  Time since last request: 0.000065 seconds.
  path: Assets/_ChompMan-PM/Audio/FX/SOUNDDOGS_319263__ar.wav
  artifactKey: Guid(3356da2a7b94ff5489fa0e646a78e562) Importer(815301076,1909f56bfc062723c751e8b465ee728b)
Start importing Assets/_ChompMan-PM/Audio/FX/SOUNDDOGS_319263__ar.wav using Guid(3356da2a7b94ff5489fa0e646a78e562) Importer(815301076,1909f56bfc062723c751e8b465ee728b) [PhysX] Initialized MultithreadedTaskDispatcher with 12 workers.
[PhysX] Initialized MultithreadedTaskDispatcher with 12 workers.
 -> (artifact id: 'ccc7dd23fe4cf336aabdf80c3999d40a') in 0.031527 seconds
Number of updated asset objects reloaded before import = 0
Number of asset objects unloaded after import = 2
========================================================================
Received Import Request.
  Time since last request: 0.000053 seconds.
  path: Assets/_ChompMan-PM/Textures/Characters/Ghost_AlbedoTransparency.png
  artifactKey: Guid(f5ef9084262d7544a9f5fcb3273b44f0) Importer(815301076,1909f56bfc062723c751e8b465ee728b)
Start importing Assets/_ChompMan-PM/Textures/Characters/Ghost_AlbedoTransparency.png using Guid(f5ef9084262d7544a9f5fcb3273b44f0) Importer(815301076,1909f56bfc062723c751e8b465ee728b) [PhysX] Initialized MultithreadedTaskDispatcher with 12 workers.
[PhysX] Initialized MultithreadedTaskDispatcher with 12 workers.
 -> (artifact id: '5e4032537bbf11ea45c776274073ab6f') in 0.065309 seconds
Number of updated asset objects reloaded before import = 0
Number of asset objects unloaded after import = 2
========================================================================
Received Import Request.
  Time since last request: 0.000028 seconds.
  path: Assets/_ChompMan-PM/Audio/FX/PM - death_1.wav
  artifactKey: Guid(f16e8b759e0cbf64ca5637a4bcd0dfeb) Importer(815301076,1909f56bfc062723c751e8b465ee728b)
Start importing Assets/_ChompMan-PM/Audio/FX/PM - death_1.wav using Guid(f16e8b759e0cbf64ca5637a4bcd0dfeb) Importer(815301076,1909f56bfc062723c751e8b465ee728b) [PhysX] Initialized MultithreadedTaskDispatcher with 12 workers.
[PhysX] Initialized MultithreadedTaskDispatcher with 12 workers.
 -> (artifact id: 'c55fd867701bae9f80a92e1758479664') in 0.036813 seconds
Number of updated asset objects reloaded before import = 0
Number of asset objects unloaded after import = 2
========================================================================
Received Import Request.
  Time since last request: 0.000033 seconds.
  path: Assets/_ChompMan-PM/Audio/FX/SOUNDDOGS_319259__ar.wav
  artifactKey: Guid(37d57ce41bc4d6f4f9f04da8f90b8a6b) Importer(815301076,1909f56bfc062723c751e8b465ee728b)
Start importing Assets/_ChompMan-PM/Audio/FX/SOUNDDOGS_319259__ar.wav using Guid(37d57ce41bc4d6f4f9f04da8f90b8a6b) Importer(815301076,1909f56bfc062723c751e8b465ee728b) [PhysX] Initialized MultithreadedTaskDispatcher with 12 workers.
[PhysX] Initialized MultithreadedTaskDispatcher with 12 workers.
 -> (artifact id: '1e031aa36b5cad763043bb154a8f17f8') in 0.039389 seconds
Number of updated asset objects reloaded before import = 0
Number of asset objects unloaded after import = 2
========================================================================
Received Import Request.
  Time since last request: 0.000030 seconds.
  path: Assets/_ChompMan-PM/Textures/Characters/Chomp_AlbedoTransparency.png
  artifactKey: Guid(2c86afa87020f154eb8d20d24df61a84) Importer(815301076,1909f56bfc062723c751e8b465ee728b)
Start importing Assets/_ChompMan-PM/Textures/Characters/Chomp_AlbedoTransparency.png using Guid(2c86afa87020f154eb8d20d24df61a84) Importer(815301076,1909f56bfc062723c751e8b465ee728b) [PhysX] Initialized MultithreadedTaskDispatcher with 12 workers.
[PhysX] Initialized MultithreadedTaskDispatcher with 12 workers.
 -> (artifact id: '970176ceba4ecac48378feb8e687c870') in 0.038456 seconds
Number of updated asset objects reloaded before import = 0
Number of asset objects unloaded after import = 2
========================================================================
Received Import Request.
  Time since last request: 0.000037 seconds.
  path: Assets/_ChompMan-PM/Textures/Enviornment/Stage_OrangeRed_AlbedoTransparency.png
  artifactKey: Guid(77fa3fa720e3600478ecbdc2c94af80a) Importer(815301076,1909f56bfc062723c751e8b465ee728b)
Start importing Assets/_ChompMan-PM/Textures/Enviornment/Stage_OrangeRed_AlbedoTransparency.png using Guid(77fa3fa720e3600478ecbdc2c94af80a) Importer(815301076,1909f56bfc062723c751e8b465ee728b) [PhysX] Initialized MultithreadedTaskDispatcher with 12 workers.
[PhysX] Initialized MultithreadedTaskDispatcher with 12 workers.
 -> (artifact id: 'b4691d0affd4f9c522494e8b3921a8cb') in 0.032593 seconds
Number of updated asset objects reloaded before import = 0
Number of asset objects unloaded after import = 2
Editor requested this worker to shutdown with reason: Scaling down because of idle timeout
TcpMessagingSession - receive error: operation aborted. errorcode: 995, details: ќпераци€ ввода/вывода была прервана из-за завершени€ потока команд или по запросу приложени€.
AssetImportWorker is now disconnected from the server
Process exiting
Exiting without the bug reporter. Application will terminate with return code 0